<?xml version="1.0" encoding="UTF-8"?>
<robot generator="Robot 5.0 (Python 3.10.4 on win32)" generated="20220825 23:08:46.726" rpa="false" schemaversion="3">
<suite id="s1" name="Variable-Test" source="C:\Users\Milky\PycharmProjects\pythonProject\Tata-project\variable-test.robot">
<test id="s1-t1" name="TC1: Variable Testing" line="5">
<kw name="Addition">
<arg>${a}</arg>
<arg>${b}</arg>
<msg timestamp="20220825 23:08:46.758" level="FAIL">Variable '${a}' not found.</msg>
<status status="FAIL" starttime="20220825 23:08:46.758" endtime="20220825 23:08:46.758"/>
</kw>
<kw name="Log" library="BuiltIn">
<arg>${a}</arg>
<doc>Logs the given message with the given level.</doc>
<status status="NOT RUN" starttime="20220825 23:08:46.758" endtime="20220825 23:08:46.758"/>
</kw>
<status status="FAIL" starttime="20220825 23:08:46.758" endtime="20220825 23:08:46.758">Variable '${a}' not found.</status>
</test>
<doc>Testing Variable</doc>
<status status="FAIL" starttime="20220825 23:08:46.726" endtime="20220825 23:08:46.758"/>
</suite>
<statistics>
<total>
<stat pass="0" fail="1" skip="0">All Tests</stat>
</total>
<tag>
</tag>
<suite>
<stat pass="0" fail="1" skip="0" id="s1" name="Variable-Test">Variable-Test</stat>
</suite>
</statistics>
<errors>
</errors>
</robot>
